<?xml version="1.0" encoding="UTF-8"?>
<!-- Generated by org.testng.reporters.JUnitReportReporter -->
<testsuite hostname="LAPTOP-VGL54L2C" failures="0" tests="2" name="com.Testngtutorial.java.SuitelevelExecution" time="0.001" errors="0" timestamp="2024-07-27T13:30:10 IST" skipped="0">
  <testcase classname="com.Testngtutorial.java.SuitelevelExecution" name="D_test" time="0.000"/>
  <system-out/>
  <testcase classname="com.Testngtutorial.java.SuitelevelExecution" name="E_test" time="0.001"/>
  <system-out/>
</testsuite> <!-- com.Testngtutorial.java.SuitelevelExecution -->
