<?xml version="1.0" encoding="UTF-8"?>
<!-- Generated by org.testng.reporters.JUnitReportReporter -->
<testsuite hostname="LAPTOP-VGL54L2C" failures="0" tests="1" name="com.Testngtutorial.java.OrangeHRMDemo" time="27.836" errors="0" timestamp="2024-07-27T14:28:04 IST" skipped="0">
  <testcase classname="com.Testngtutorial.java.OrangeHRMDemo" name="login" time="27.836"/>
  <system-out/>
</testsuite> <!-- com.Testngtutorial.java.OrangeHRMDemo -->
